npm error code ERESOLVE
npm error ERESOLVE unable to resolve dependency tree
npm error
npm error While resolving: shunyaku@0.1.0
npm error Found: storybook@8.6.14
npm error node_modules/storybook
npm error   dev storybook@"8.6.14" from the root project
npm error
npm error Could not resolve dependency:
npm error peer storybook@"^9.1.7" from eslint-plugin-storybook@9.1.7
npm error node_modules/eslint-plugin-storybook
npm error   dev eslint-plugin-storybook@"*" from the root project
npm error
npm error Fix the upstream dependency conflict, or retry
npm error this command with --force or --legacy-peer-deps
npm error to accept an incorrect (and potentially broken) dependency resolution.
npm error
npm error
npm error For a full report see:
npm error /Users/ryukouokumura/.npm/_logs/2025-09-23T06_51_26_016Z-eresolve-report.txt
npm error A complete log of this run can be found in: /Users/ryukouokumura/.npm/_logs/2025-09-23T06_51_26_016Z-debug-0.log
